<?xml version="1.0" encoding="UTF-8"?>
<!-- Generated by org.testng.reporters.JUnitReportReporter -->
<testsuite skipped="0" hostname="DESKTOP-N308L1J" name="variousConcepts.LearnTestNG" tests="1" failures="0" timestamp="20 Nov 2021 16:42:55 GMT" time="17.921" errors="0">
  <testcase name="addContactTest" time="17.921" classname="variousConcepts.LearnTestNG"/>
</testsuite> <!-- variousConcepts.LearnTestNG -->
